#
# An unexpected error has been detected by Java Runtime Environment:
#
#  SIGSEGV (0xb) at pc=0xb4d4f843, pid=17201, tid=1911913360
#
# Java VM: Java HotSpot(TM) Server VM (1.6.0_03-b05 mixed mode)
# Problematic frame:
# j  com.sun.gluegen.runtime.BufferFactory.isDirect(Ljava/nio/Buffer;)Z+0
#
# If you would like to submit a bug report, please visit:
#   http://java.sun.com/webapps/bugreport/crash.jsp
#

---------------  T H R E A D  ---------------

Current thread (0x72009000):  JavaThread "AWT-EventQueue-0" [_thread_in_Java, id=17224]

siginfo:si_signo=11, si_errno=0, si_code=1, si_addr=0xf29788f1

Registers:
EAX=0x7354f220, EBX=0x00000005, ECX=0x00000024, EDX=0xf29788cd
ESP=0x71f56a68, EBP=0x71f56a88, ESI=0x73904c03, EDI=0x71f56a90
EIP=0xb4d4f843, CR2=0xf29788f1, EFLAGS=0x00210246

Top of Stack: (sp=0x71f56a68)
0x71f56a68:   71f56a68 73904bfc 71f56a90 73906238
0x71f56a78:   00000000 73904ca0 00000000 71f56a90
0x71f56a88:   71f56ab4 b4d3ece1 affea400 71f56a94
0x71f56a98:   73a41d3d 71f56ac4 73aab268 00000000
0x71f56aa8:   73a41d68 71f56a90 71f56ac0 71f56ae8
0x71f56ab8:   b4d3f3e9 00000000 affea400 7749a530
0x71f56ac8:   71f56ac8 7366a050 71f56af8 7368d458
0x71f56ad8:   00000000 7366a0b8 71f56ac0 71f56af4 

Instructions: (pc=0xb4d4f843)
0xb4d4f833:   04 e9 07 00 00 00 8b 50 04 8b 44 99 1c 8b 48 10
0xb4d4f843:   3b 04 0a 0f 84 31 00 00 00 83 f9 14 0f 85 24 00 

Stack: [0x71f07000,0x71f58000),  sp=0x71f56a68,  free space=318k
Native frames: (J=compiled Java code, j=interpreted, Vv=VM code, C=native code)
j  com.sun.gluegen.runtime.BufferFactory.isDirect(Ljava/nio/Buffer;)Z+0
j  com.sun.opengl.impl.GLImpl.glMultMatrixf(Ljava/nio/FloatBuffer;)V+1
j  javaviewer.Viewer.display(Ljavax/media/opengl/GLAutoDrawable;)V+172
j  com.sun.opengl.impl.GLDrawableHelper.display(Ljavax/media/opengl/GLAutoDrawable;)V+29
j  javax.media.opengl.GLCanvas$DisplayAction.run()V+80
j  com.sun.opengl.impl.GLDrawableHelper.invokeGL(Ljavax/media/opengl/GLDrawable;Ljavax/media/opengl/GLContext;Ljava/lang/Runnable;Ljava/lang/Runnable;)V+418
j  javax.media.opengl.GLCanvas$DisplayOnEventDispatchThreadAction.run()V+35
j  java.awt.event.InvocationEvent.dispatch()V+11
j  java.awt.EventQueue.dispatchEvent(Ljava/awt/AWTEvent;)V+26
j  java.awt.EventDispatchThread.pumpOneEventForFilters(I)Z+156
j  java.awt.EventDispatchThread.pumpEventsForFilter(ILjava/awt/Conditional;Ljava/awt/EventFilter;)V+30
j  java.awt.EventDispatchThread.pumpEventsForHierarchy(ILjava/awt/Conditional;Ljava/awt/Component;)V+11
j  java.awt.EventDispatchThread.pumpEvents(ILjava/awt/Conditional;)V+4
j  java.awt.EventDispatchThread.pumpEvents(Ljava/awt/Conditional;)V+3
j  java.awt.EventDispatchThread.run()V+9
v  ~StubRoutines::call_stub
V  [libjvm.so+0x2c5ecd]
V  [libjvm.so+0x4523b8]
V  [libjvm.so+0x2c57e0]
V  [libjvm.so+0x2c586d]
V  [libjvm.so+0x335aa5]
V  [libjvm.so+0x5038c0]
V  [libjvm.so+0x4532a9]
C  [libpthread.so.0+0x546b]


---------------  P R O C E S S  ---------------

Java Threads: ( => current thread )
  0x081b0400 JavaThread "Keep-Alive-Timer" daemon [_thread_blocked, id=17226]
  0x7200a400 JavaThread "DestroyJavaVM" [_thread_blocked, id=17202]
  0x72009c00 JavaThread "Thread-1" [_thread_blocked, id=17225]
=>0x72009000 JavaThread "AWT-EventQueue-0" [_thread_in_Java, id=17224]
  0x72005400 JavaThread "AWT-Shutdown" [_thread_blocked, id=17223]
  0x72285000 JavaThread "AWT-XAWT" daemon [_thread_blocked, id=17220]
  0x08195400 JavaThread "Java2D Disposer" daemon [_thread_blocked, id=17219]
  0x08158000 JavaThread "Low Memory Detector" daemon [_thread_blocked, id=17217]
  0x08156400 JavaThread "CompilerThread1" daemon [_thread_blocked, id=17216]
  0x08155000 JavaThread "CompilerThread0" daemon [_thread_blocked, id=17215]
  0x08153c00 JavaThread "Signal Dispatcher" daemon [_thread_blocked, id=17214]
  0x08140000 JavaThread "Finalizer" daemon [_thread_blocked, id=17213]
  0x0813f400 JavaThread "Reference Handler" daemon [_thread_blocked, id=17212]

Other Threads:
  0x0813cc00 VMThread [id=17211]
  0x08159800 WatcherThread [id=17218]

VM state:not at safepoint (normal execution)

VM Mutex/Monitor currently owned by a thread: None

Heap
 PSYoungGen      total 43648K, used 35258K [0xadf20000, 0xb23f0000, 0xb4c70000)
  eden space 42432K, 83% used [0xadf20000,0xb018ea98,0xb0890000)
  from space 1216K, 0% used [0xb0890000,0xb0890000,0xb09c0000)
  to   space 1280K, 0% used [0xb22b0000,0xb22b0000,0xb23f0000)
 PSOldGen        total 56000K, used 928K [0x77470000, 0x7ab20000, 0xadf20000)
  object space 56000K, 1% used [0x77470000,0x77558248,0x7ab20000)
 PSPermGen       total 16384K, used 8906K [0x73470000, 0x74470000, 0x77470000)
  object space 16384K, 54% used [0x73470000,0x73d22888,0x74470000)

Dynamic libraries:
06000000-065a0000 r-xp 00000000 08:01 9342102    /usr/lib/jvm/java-6-sun-1.6.0.03/jre/lib/i386/server/libjvm.so
065a0000-065db000 rwxp 005a0000 08:01 9342102    /usr/lib/jvm/java-6-sun-1.6.0.03/jre/lib/i386/server/libjvm.so
065db000-069fc000 rwxp 065db000 00:00 0 
08048000-08052000 r-xp 00000000 08:01 9325224    /usr/lib/jvm/java-6-sun-1.6.0.03/jre/bin/java
08052000-08053000 rwxp 00009000 08:01 9325224    /usr/lib/jvm/java-6-sun-1.6.0.03/jre/bin/java
08053000-08481000 rwxp 08053000 00:00 0          [heap]
71e65000-71e68000 ---p 71e65000 00:00 0 
71e68000-71eb6000 rwxp 71e68000 00:00 0 
71eb6000-71eb9000 ---p 71eb6000 00:00 0 
71eb9000-71f07000 rwxp 71eb9000 00:00 0 
71f07000-71f0a000 ---p 71f07000 00:00 0 
71f0a000-71f58000 rwxp 71f0a000 00:00 0 
71f58000-71f5b000 ---p 71f58000 00:00 0 
71f5b000-71fa9000 rwxp 71f5b000 00:00 0 
71fa9000-71ffd000 r-xp 00000000 08:01 9342129    /usr/lib/jvm/java-6-sun-1.6.0.03/jre/lib/i386/libcmm.so
71ffd000-72000000 rwxp 00054000 08:01 9342129    /usr/lib/jvm/java-6-sun-1.6.0.03/jre/lib/i386/libcmm.so
72000000-72100000 rwxp 72000000 00:00 0 
72124000-721ff000 r-xp 00000000 08:01 10077682   /usr/local/jogl/jogl-1.1.0-linux-i586/lib/libjogl.so
721ff000-72200000 rwxp 000da000 08:01 10077682   /usr/local/jogl/jogl-1.1.0-linux-i586/lib/libjogl.so
72200000-72300000 rwxp 72200000 00:00 0 
72316000-72374000 r-xp 00000000 08:01 9047889    /usr/lib/libGL.so.1.2
72374000-72376000 rwxp 0005d000 08:01 9047889    /usr/lib/libGL.so.1.2
72376000-72377000 rwxp 72376000 00:00 0 
72377000-7237d000 r-xs 00000000 08:01 13486672   /var/cache/fontconfig/945677eb7aeaf62f1d50efc3fb3ec7d8-x86.cache-2
7237d000-72380000 r-xs 00000000 08:01 13486670   /var/cache/fontconfig/e383d7ea5fbe662a33d9b44caf393297-x86.cache-2
72380000-72384000 r-xs 00000000 08:01 13486669   /var/cache/fontconfig/921a30a17f0be15c70ac14043cb7a739-x86.cache-2
72384000-72385000 r-xs 00000000 08:01 13486668   /var/cache/fontconfig/c69f04ab05004e31a6d5e715764f16d8-x86.cache-2
72385000-72386000 r-xs 00000000 08:01 13486667   /var/cache/fontconfig/4c73fe0c47614734b17d736dbde7580a-x86.cache-2
72386000-72389000 r-xs 00000000 08:01 13486666   /var/cache/fontconfig/a755afe4a08bf5b97852ceb7400b47bc-x86.cache-2
72389000-7238a000 r-xs 00000000 08:01 13486665   /var/cache/fontconfig/75a2cd575a62c63e802c11411fb87c37-x86.cache-2
7238a000-7238d000 r-xs 00000000 08:01 13486664   /var/cache/fontconfig/6d41288fd70b0be22e8c3a91e032eec0-x86.cache-2
7238d000-7238f000 r-xs 00000000 08:01 13486663   /var/cache/fontconfig/de156ccd2eddbdc19d37a45b8b2aac9c-x86.cache-2
7238f000-72397000 r-xs 00000000 08:01 13486662   /var/cache/fontconfig/e3de0de479f42330eadf588a55fb5bf4-x86.cache-2
72397000-7239d000 r-xs 00000000 08:01 13486661   /var/cache/fontconfig/0f34bcd4b6ee430af32735b75db7f02b-x86.cache-2
7239d000-7239e000 r-xs 00000000 08:01 13486660   /var/cache/fontconfig/4794a0821666d79190d59a36cb4f44b5-x86.cache-2
7239e000-723a0000 r-xs 00000000 08:01 13486659   /var/cache/fontconfig/de9486f0b47a4d768a594cb4198cb1c6-x86.cache-2
723a0000-723a6000 r-xs 00000000 08:01 13486658   /var/cache/fontconfig/d52a8644073d54c13679302ca1180695-x86.cache-2
723a6000-723aa000 r-xs 00000000 08:01 13486657   /var/cache/fontconfig/089dead882dea3570ffc31a9898cfb69-x86.cache-2
723aa000-723ac000 r-xs 00000000 08:01 13486648   /var/cache/fontconfig/e13b20fdb08344e0e664864cc2ede53d-x86.cache-2
723ac000-723ad000 r-xs 00000000 08:01 13486696   /var/cache/fontconfig/fcff1cd55d48a2c86a175e9943c3506d-x86.cache-2
723ad000-723ae000 r-xs 00000000 08:01 13486695   /var/cache/fontconfig/e9e44584608a73233979f764b5f9dd81-x86.cache-2
723ae000-723af000 r-xs 00000000 08:01 13486694   /var/cache/fontconfig/b8613a33de00eecd32d5a94c3c617829-x86.cache-2
723af000-723b2000 r-xs 00000000 08:01 13486693   /var/cache/fontconfig/b21a91cee725896328b8cee8091cf747-x86.cache-2
723b2000-723b5000 r-xs 00000000 08:01 13486692   /var/cache/fontconfig/fd9416c4b92f07c6f59a3a8cf496e9dc-x86.cache-2
723b5000-723b7000 r-xs 00000000 08:01 13486691   /var/cache/fontconfig/059138ec877db160474b4d5de1248d14-x86.cache-2
723b7000-723b8000 r-xs 00000000 08:01 13486690   /var/cache/fontconfig/f5a93ac943883aa0fd9a7bfe0f6ec3c1-x86.cache-2
723b8000-723b9000 r-xs 00000000 08:01 13486689   /var/cache/fontconfig/118d8d5311348bbdf5fe3b106d7c13d4-x86.cache-2
723b9000-723ba000 r-xs 00000000 08:01 13486688   /var/cache/fontconfig/a1131b7be650f9abae4907495aa5815d-x86.cache-2
723ba000-723bf000 r-xs 00000000 08:01 13486687   /var/cache/fontconfig/8ab5f685cd6d8ba67c37c908faf08172-x86.cache-2
723bf000-723c4000 r-xs 00000000 08:01 13486686   /var/cache/fontconfig/0f32d3adc6a232110812e17374eaa446-x86.cache-2
723c4000-723c6000 r-xs 00000000 08:01 13486685   /var/cache/fontconfig/7b4a97c10f6c0166998ddfa1cf7392fb-x86.cache-2
723c6000-723c9000 r-xs 00000000 08:01 13486684   /var/cache/fontconfig/61c830dfac3fd78a12654da5e9ba3f56-x86.cache-2
723c9000-723ca000 r-xs 00000000 08:01 13486683   /var/cache/fontconfig/e0f9e95429e756d56293ed4d63866094-x86.cache-2
723ca000-723cb000 r-xs 00000000 08:01 13486682   /var/cache/fontconfig/4123634e9c08547d899d0aaff05ebe69-x86.cache-2
723cb000-723ce000 r-xs 00000000 08:01 13486681   /var/cache/fontconfig/142ecfc435bad6f1fbc2648c1119d5eb-x86.cache-2
723ce000-723d4000 r-xs 00000000 08:01 13486680   /var/cache/fontconfig/102e5142c2e9e50c5e8ece26694a2dad-x86.cache-2
7240b000-7241e000 r-xp 00000000 08:01 9342114    /usr/lib/jvm/java-6-sun-1.6.0.03/jre/lib/i386/libnet.so
7241e000-7241f000 rwxp 00013000 08:01 9342114    /usr/lib/jvm/java-6-sun-1.6.0.03/jre/lib/i386/libnet.so
7241f000-72428000 r-xp 00000000 08:01 9047784    /usr/lib/libdrm.so.2.3.0
72428000-72429000 rwxp 00008000 08:01 9047784    /usr/lib/libdrm.so.2.3.0
72429000-7242b000 r-xp 00000000 08:01 9047887    /usr/lib/libXdamage.so.1.1.0
7242b000-7242c000 rwxp 00001000 08:01 9047887    /usr/lib/libXdamage.so.1.1.0
7242c000-72430000 r-xp 00000000 08:01 9047835    /usr/lib/libXxf86vm.so.1.0.0
72430000-72431000 rwxp 00003000 08:01 9047835    /usr/lib/libXxf86vm.so.1.0.0
72431000-72434000 ---p 72431000 00:00 0 
72434000-72482000 rwxp 72434000 00:00 0 
72482000-72486000 r-xp 00000000 08:01 9047717    /usr/lib/libXfixes.so.3.1.0
72486000-72487000 rwxp 00003000 08:01 9047717    /usr/lib/libXfixes.so.3.1.0
72487000-7248e000 r-xp 00000000 08:01 9047774    /usr/lib/libXrender.so.1.3.0
7248e000-7248f000 rwxp 00006000 08:01 9047774    /usr/lib/libXrender.so.1.3.0
7248f000-72497000 r-xp 00000000 08:01 9047955    /usr/lib/libXcursor.so.1.0.2
72497000-72498000 rwxp 00007000 08:01 9047955    /usr/lib/libXcursor.so.1.0.2
7249f000-724a1000 r-xp 00000000 08:01 10077683   /usr/local/jogl/jogl-1.1.0-linux-i586/lib/libjogl_awt.so
724a1000-724a2000 rwxp 00001000 08:01 10077683   /usr/local/jogl/jogl-1.1.0-linux-i586/lib/libjogl_awt.so
724a2000-724a3000 r-xp 00000000 08:01 9342133    /usr/lib/jvm/java-6-sun-1.6.0.03/jre/lib/i386/libjawt.so
724a3000-724a4000 rwxp 00000000 08:01 9342133    /usr/lib/jvm/java-6-sun-1.6.0.03/jre/lib/i386/libjawt.so
724a4000-724a7000 ---p 724a4000 00:00 0 
724a7000-724f5000 rwxp 724a7000 00:00 0 
724f5000-72573000 r-xp 00000000 08:01 9342127    /usr/lib/jvm/java-6-sun-1.6.0.03/jre/lib/i386/libfontmanager.so
72573000-7257d000 rwxp 0007e000 08:01 9342127    /usr/lib/jvm/java-6-sun-1.6.0.03/jre/lib/i386/libfontmanager.so
7257d000-72582000 rwxp 7257d000 00:00 0 
72582000-72586000 r-xp 00000000 08:01 9047709    /usr/lib/libXdmcp.so.6.0.0
72586000-72587000 rwxp 00003000 08:01 9047709    /usr/lib/libXdmcp.so.6.0.0
72587000-7258e000 r-xp 00000000 08:01 9047813    /usr/lib/libXi.so.6.0.0
7258e000-7258f000 rwxp 00006000 08:01 9047813    /usr/lib/libXi.so.6.0.0
7258f000-7267c000 r-xp 00000000 08:01 9047711    /usr/lib/libX11.so.6.2.0
7267c000-72680000 rwxp 000ed000 08:01 9047711    /usr/lib/libX11.so.6.2.0
72680000-7268d000 r-xp 00000000 08:01 9047713    /usr/lib/libXext.so.6.4.0
7268d000-7268e000 rwxp 0000d000 08:01 9047713    /usr/lib/libXext.so.6.4.0
7268e000-726cc000 r-xp 00000000 08:01 9520731    /usr/lib/jvm/java-6-sun-1.6.0.03/jre/lib/i386/xawt/libmawt.so
726cc000-726ce000 rwxp 0003e000 08:01 9520731    /usr/lib/jvm/java-6-sun-1.6.0.03/jre/lib/i386/xawt/libmawt.so
726ce000-726cf000 rwxp 726ce000 00:00 0 
726cf000-72795000 r-xp 00000000 08:01 9342124    /usr/lib/jvm/java-6-sun-1.6.0.03/jre/lib/i386/libmlib_image.so
72795000-72796000 rwxp 000c5000 08:01 9342124    /usr/lib/jvm/java-6-sun-1.6.0.03/jre/lib/i386/libmlib_image.so
72796000-72811000 r-xp 00000000 08:01 9342125    /usr/lib/jvm/java-6-sun-1.6.0.03/jre/lib/i386/libawt.so
72811000-72818000 rwxp 0007b000 08:01 9342125    /usr/lib/jvm/java-6-sun-1.6.0.03/jre/lib/i386/libawt.so
72818000-7283c000 rwxp 72818000 00:00 0 
7283c000-7283d000 ---p 7283c000 00:00 0 
7283d000-728bd000 rwxp 7283d000 00:00 0 
728bd000-728c0000 ---p 728bd000 00:00 0 
728c0000-7290e000 rwxp 728c0000 00:00 0 
7290e000-72911000 ---p 7290e000 00:00 0 
72911000-7298f000 rwxp 72911000 00:00 0 
7298f000-72992000 ---p 7298f000 00:00 0 
72992000-72a10000 rwxp 72992000 00:00 0 
72a10000-72a13000 ---p 72a10000 00:00 0 
72a13000-72a61000 rwxp 72a13000 00:00 0 
72a61000-72a64000 ---p 72a61000 00:00 0 
72a64000-72ab2000 rwxp 72a64000 00:00 0 
72ab2000-72ab5000 ---p 72ab2000 00:00 0 
72ab5000-72b03000 rwxp 72ab5000 00:00 0 
72b03000-72b04000 ---p 72b03000 00:00 0 
72b04000-72b84000 rwxp 72b04000 00:00 0 
72b84000-72d00000 r-xs 02c8f000 08:01 9342167    /usr/lib/jvm/java-6-sun-1.6.0.03/jre/lib/rt.jar
72d00000-72dfe000 rwxp 72d00000 00:00 0 
72dfe000-72e00000 ---p 72dfe000 00:00 0 
72e00000-72e01000 r-xp 00000000 08:01 10077681   /usr/local/jogl/jogl-1.1.0-linux-i586/lib/libgluegen-rt.so
72e01000-72e02000 rwxp 00000000 08:01 10077681   /usr/local/jogl/jogl-1.1.0-linux-i586/lib/libgluegen-rt.so
72e02000-72e06000 r-xs 00000000 08:01 13486678   /var/cache/fontconfig/a960c40fc9306f090224a04585f8a963-x86.cache-2
72e06000-72e08000 r-xs 00000000 08:01 13486677   /var/cache/fontconfig/9404ff413c67fc2a1526fd14eb4163a8-x86.cache-2
72e08000-72e0c000 r-xs 00000000 08:01 13486676   /var/cache/fontconfig/b3fedf7c409f006ca1a6fceffceb77cf-x86.cache-2
72e0c000-72e0f000 r-xs 00000000 08:01 13486675   /var/cache/fontconfig/6330322105e0c4105d7c7a6ea2974107-x86.cache-2
72e0f000-72e1a000 r-xs 000fa000 08:01 10077680   /usr/local/jogl/jogl-1.1.0-linux-i586/lib/jogl.jar
72e1a000-72e59000 r-xp 00000000 08:01 9093122    /usr/lib/locale/en_US.utf8/LC_CTYPE
72e59000-72e89000 rwxp 72e59000 00:00 0 
72e89000-72e8a000 ---p 72e89000 00:00 0 
72e8a000-72f0a000 rwxp 72e8a000 00:00 0 
72f0a000-72f0b000 ---p 72f0a000 00:00 0 
72f0b000-72f8b000 rwxp 72f0b000 00:00 0 
72f8b000-72f8c000 ---p 72f8b000 00:00 0 
72f8c000-7300c000 rwxp 72f8c000 00:00 0 
7300c000-7300d000 ---p 7300c000 00:00 0 
7300d000-73095000 rwxp 7300d000 00:00 0 
73095000-730ad000 rwxp 73095000 00:00 0 
730ad000-730c9000 rwxp 730ad000 00:00 0 
730c9000-73263000 rwxp 730c9000 00:00 0 
73263000-7326b000 rwxp 73263000 00:00 0 
7326b000-73283000 rwxp 7326b000 00:00 0 
73283000-7329f000 rwxp 73283000 00:00 0 
7329f000-73438000 rwxp 7329f000 00:00 0 
73438000-7345b000 rwxp 73438000 00:00 0 
7345b000-7346f000 rwxp 7345b000 00:00 0 
7346f000-74470000 rwxp 7346f000 00:00 0 
74470000-77470000 rwxp 74470000 00:00 0 
77470000-7ab20000 rwxp 77470000 00:00 0 
7ab20000-adf20000 rwxp 7ab20000 00:00 0 
adf20000-b23f0000 rwxp adf20000 00:00 0 
b23f0000-b4c70000 rwxp b23f0000 00:00 0 
b4c70000-b4c74000 r-xp 00000000 08:01 9047829    /usr/lib/libXtst.so.6.1.0
b4c74000-b4c75000 rwxp 00004000 08:01 9047829    /usr/lib/libXtst.so.6.1.0
b4c75000-b4c7c000 r-xs 00000000 08:01 9046066    /usr/lib/gconv/gconv-modules.cache
b4c7c000-b4c85000 rwxp b4c7c000 00:00 0 
b4c85000-b4d3c000 rwxp b4c85000 00:00 0 
b4d3c000-b4f7c000 rwxp b4d3c000 00:00 0 
b4f7c000-b7d3c000 rwxp b4f7c000 00:00 0 
b7d3c000-b7d4b000 r-xp 00000000 08:01 9342110    /usr/lib/jvm/java-6-sun-1.6.0.03/jre/lib/i386/libzip.so
b7d4b000-b7d4d000 rwxp 0000e000 08:01 9342110    /usr/lib/jvm/java-6-sun-1.6.0.03/jre/lib/i386/libzip.so
b7d4d000-b7d70000 r-xp 00000000 08:01 9342109    /usr/lib/jvm/java-6-sun-1.6.0.03/jre/lib/i386/libjava.so
b7d70000-b7d72000 rwxp 00023000 08:01 9342109    /usr/lib/jvm/java-6-sun-1.6.0.03/jre/lib/i386/libjava.so
b7d72000-b7d7d000 r-xp 00000000 08:01 9342108    /usr/lib/jvm/java-6-sun-1.6.0.03/jre/lib/i386/libverify.so
b7d7d000-b7d7e000 rwxp 0000b000 08:01 9342108    /usr/lib/jvm/java-6-sun-1.6.0.03/jre/lib/i386/libverify.so
b7d7e000-b7d87000 r-xp 00000000 08:01 4341921    /lib/tls/i686/cmov/libnss_files-2.6.1.so
b7d87000-b7d89000 rwxp 00008000 08:01 4341921    /lib/tls/i686/cmov/libnss_files-2.6.1.so
b7d89000-b7d91000 r-xp 00000000 08:01 4341923    /lib/tls/i686/cmov/libnss_nis-2.6.1.so
b7d91000-b7d93000 rwxp 00007000 08:01 4341923    /lib/tls/i686/cmov/libnss_nis-2.6.1.so
b7d93000-b7d9a000 r-xp 00000000 08:01 4341918    /lib/tls/i686/cmov/libnss_compat-2.6.1.so
b7d9a000-b7d9c000 rwxp 00006000 08:01 4341918    /lib/tls/i686/cmov/libnss_compat-2.6.1.so
b7d9c000-b7db0000 r-xp 00000000 08:01 4341917    /lib/tls/i686/cmov/libnsl-2.6.1.so
b7db0000-b7db2000 rwxp 00013000 08:01 4341917    /lib/tls/i686/cmov/libnsl-2.6.1.so
b7db2000-b7db4000 rwxp b7db2000 00:00 0 
b7db5000-b7db7000 r-xp 00000000 08:01 9047707    /usr/lib/libXau.so.6.0.0
b7db7000-b7db8000 rwxp 00001000 08:01 9047707    /usr/lib/libXau.so.6.0.0
b7db8000-b7dc0000 rwxs 00000000 08:01 6635584    /tmp/hsperfdata_ara/17201
b7dc0000-b7dc7000 r-xp 00000000 08:01 4341928    /lib/tls/i686/cmov/librt-2.6.1.so
b7dc7000-b7dc9000 rwxp 00006000 08:01 4341928    /lib/tls/i686/cmov/librt-2.6.1.so
b7dc9000-b7dcc000 ---p b7dc9000 00:00 0 
b7dcc000-b7e1a000 rwxp b7dcc000 00:00 0 
b7e1a000-b7e3d000 r-xp 00000000 08:01 4341914    /lib/tls/i686/cmov/libm-2.6.1.so
b7e3d000-b7e3f000 rwxp 00023000 08:01 4341914    /lib/tls/i686/cmov/libm-2.6.1.so
b7e3f000-b7e40000 rwxp b7e3f000 00:00 0 
b7e40000-b7f84000 r-xp 00000000 08:01 4341910    /lib/tls/i686/cmov/libc-2.6.1.so
b7f84000-b7f85000 r-xp 00143000 08:01 4341910    /lib/tls/i686/cmov/libc-2.6.1.so
b7f85000-b7f87000 rwxp 00144000 08:01 4341910    /lib/tls/i686/cmov/libc-2.6.1.so
b7f87000-b7f8a000 rwxp b7f87000 00:00 0 
b7f8a000-b7f8c000 r-xp 00000000 08:01 4341913    /lib/tls/i686/cmov/libdl-2.6.1.so
b7f8c000-b7f8e000 rwxp 00001000 08:01 4341913    /lib/tls/i686/cmov/libdl-2.6.1.so
b7f8e000-b7f95000 r-xp 00000000 08:01 9520729    /usr/lib/jvm/java-6-sun-1.6.0.03/jre/lib/i386/jli/libjli.so
b7f95000-b7f97000 rwxp 00006000 08:01 9520729    /usr/lib/jvm/java-6-sun-1.6.0.03/jre/lib/i386/jli/libjli.so
b7f97000-b7f98000 rwxp b7f97000 00:00 0 
b7f98000-b7fac000 r-xp 00000000 08:01 4341926    /lib/tls/i686/cmov/libpthread-2.6.1.so
b7fac000-b7fae000 rwxp 00013000 08:01 4341926    /lib/tls/i686/cmov/libpthread-2.6.1.so
b7fae000-b7fb0000 rwxp b7fae000 00:00 0 
b7fb0000-b7fb1000 r-xs 00000000 08:01 13486679   /var/cache/fontconfig/92a571655fb1c0ec1c4d6f496220600a-x86.cache-2
b7fb1000-b7fb3000 r-xs 00003000 08:01 10077679   /usr/local/jogl/jogl-1.1.0-linux-i586/lib/gluegen-rt.jar
b7fb3000-b7fb9000 r-xp 00000000 08:01 9342100    /usr/lib/jvm/java-6-sun-1.6.0.03/jre/lib/i386/native_threads/libhpi.so
b7fb9000-b7fba000 rwxp 00006000 08:01 9342100    /usr/lib/jvm/java-6-sun-1.6.0.03/jre/lib/i386/native_threads/libhpi.so
b7fba000-b7fbb000 rwxp b7fba000 00:00 0 
b7fbb000-b7fbc000 r-xp b7fbb000 00:00 0 
b7fbc000-b7fbe000 rwxp b7fbc000 00:00 0 
b7fbe000-b7fd8000 r-xp 00000000 08:01 4341775    /lib/ld-2.6.1.so
b7fd8000-b7fda000 rwxp 00019000 08:01 4341775    /lib/ld-2.6.1.so
bfca5000-bfcba000 rwxp bfca5000 00:00 0          [stack]
ffffe000-fffff000 r-xp 00000000 00:00 0          [vdso]

VM Arguments:
java_command: javaviewer.Viewer
Launcher Type: SUN_STANDARD

Environment Variables:
JAVA_HOME=/usr/lib/jvm/java-6-sun
PATH=/usr/local/sbin:/usr/local/bin:/usr/sbin:/usr/bin:/sbin:/bin:/usr/games
LD_LIBRARY_PATH=/usr/lib/jvm/java-6-sun-1.6.0.03/jre/lib/i386/server:/usr/lib/jvm/java-6-sun-1.6.0.03/jre/lib/i386:/usr/lib/jvm/java-6-sun-1.6.0.03/jre/../lib/i386:/usr/lib/firefox:/usr/local/jogl/jogl-1.1.0-linux-i586/lib/:/usr/lib/firefox
SHELL=/bin/bash
DISPLAY=localhost:11.0

Signal Handlers:
SIGSEGV: [libjvm.so+0x53c560], sa_mask[0]=0x7ffbfeff, sa_flags=0x10000004
SIGBUS: [libjvm.so+0x53c560], sa_mask[0]=0x7ffbfeff, sa_flags=0x10000004
SIGFPE: [libjvm.so+0x451a50], sa_mask[0]=0x7ffbfeff, sa_flags=0x10000004
SIGPIPE: [libjvm.so+0x451a50], sa_mask[0]=0x7ffbfeff, sa_flags=0x10000004
SIGILL: [libjvm.so+0x451a50], sa_mask[0]=0x7ffbfeff, sa_flags=0x10000004
SIGUSR1: SIG_DFL, sa_mask[0]=0x00000000, sa_flags=0x00000000
SIGUSR2: [libjvm.so+0x453a80], sa_mask[0]=0x00000004, sa_flags=0x10000004
SIGHUP: [libjvm.so+0x4534a0], sa_mask[0]=0x7ffbfeff, sa_flags=0x10000004
SIGINT: [libjvm.so+0x4534a0], sa_mask[0]=0x7ffbfeff, sa_flags=0x10000004
SIGQUIT: [libjvm.so+0x4534a0], sa_mask[0]=0x7ffbfeff, sa_flags=0x10000004
SIGTERM: [libjvm.so+0x4534a0], sa_mask[0]=0x7ffbfeff, sa_flags=0x10000004
SIGUSR2: [libjvm.so+0x453a80], sa_mask[0]=0x00000004, sa_flags=0x10000004


---------------  S Y S T E M  ---------------

OS:lenny/sid

uname:Linux 2.6.22-14-generic #1 SMP Sun Oct 14 23:05:12 GMT 2007 i686
libc:glibc 2.6.1 NPTL 2.6.1 
rlimit: STACK 8192k, CORE 0k, NPROC 31743, NOFILE 1024, AS infinity
load average:0.31 0.14 0.10

CPU:total 4 (1 cores per cpu, 2 threads per core) family 15 model 2 stepping 5, cmov, cx8, fxsr, mmx, sse, sse2, ht

Memory: 4k page, physical 4026496k(235280k free), swap 5863684k(5829008k free)

vm_info: Java HotSpot(TM) Server VM (1.6.0_03-b05) for linux-x86, built on Sep 24 2007 22:32:39 by "java_re" with gcc 3.2.1-7a (J2SE release)

