#
# An unexpected error has been detected by Java Runtime Environment:
#
#  SIGSEGV (0xb) at pc=0xb4c93843, pid=17412, tid=1913486224
#
# Java VM: Java HotSpot(TM) Server VM (1.6.0_03-b05 mixed mode)
# Problematic frame:
# j  com.sun.gluegen.runtime.BufferFactory.isDirect(Ljava/nio/Buffer;)Z+0
#
# If you would like to submit a bug report, please visit:
#   http://java.sun.com/webapps/bugreport/crash.jsp
#

---------------  T H R E A D  ---------------

Current thread (0x0845cc00):  JavaThread "AWT-EventQueue-0" [_thread_in_Java, id=17433]

siginfo:si_signo=11, si_errno=0, si_code=1, si_addr=0xf2f23844

Registers:
EAX=0x7349f220, EBX=0x00000005, ECX=0x00000024, EDX=0xf2f23820
ESP=0x720d6be0, EBP=0x720d6c00, ESI=0x73854cf3, EDI=0x720d6c08
EIP=0xb4c93843, CR2=0xf2f23844, EFLAGS=0x00210246

Top of Stack: (sp=0x720d6be0)
0x720d6be0:   720d6be0 73854cec 720d6c08 73856328
0x720d6bf0:   00000000 73854d90 00000000 720d6c08
0x720d6c00:   720d6c2c b4c82ce1 aff3a400 720d6c0c
0x720d6c10:   73991e2d 720d6c3c 739fb358 00000000
0x720d6c20:   73991e58 720d6c08 720d6c38 720d6c60
0x720d6c30:   b4c833e9 00000000 aff3a400 773f1f70
0x720d6c40:   720d6c40 735ba0c8 720d6c78 735dd538
0x720d6c50:   73c75e44 735ba198 720d6c38 720d6c74 

Instructions: (pc=0xb4c93843)
0xb4c93833:   04 e9 07 00 00 00 8b 50 04 8b 44 99 1c 8b 48 10
0xb4c93843:   3b 04 0a 0f 84 31 00 00 00 83 f9 14 0f 85 24 00 

Stack: [0x72087000,0x720d8000),  sp=0x720d6be0,  free space=318k
Native frames: (J=compiled Java code, j=interpreted, Vv=VM code, C=native code)
j  com.sun.gluegen.runtime.BufferFactory.isDirect(Ljava/nio/Buffer;)Z+0
j  com.sun.opengl.impl.GLImpl.glMultMatrixf(Ljava/nio/FloatBuffer;)V+1
j  javaviewer.Viewer.display(Ljavax/media/opengl/GLAutoDrawable;)V+172
j  com.sun.opengl.impl.GLDrawableHelper.display(Ljavax/media/opengl/GLAutoDrawable;)V+29
j  javax.media.opengl.GLCanvas$DisplayAction.run()V+80
j  com.sun.opengl.impl.GLDrawableHelper.invokeGL(Ljavax/media/opengl/GLDrawable;Ljavax/media/opengl/GLContext;Ljava/lang/Runnable;Ljava/lang/Runnable;)V+418
j  javax.media.opengl.GLCanvas$DisplayOnEventDispatchThreadAction.run()V+35
j  java.awt.event.InvocationEvent.dispatch()V+11
j  java.awt.EventQueue.dispatchEvent(Ljava/awt/AWTEvent;)V+26
j  java.awt.EventDispatchThread.pumpOneEventForFilters(I)Z+156
j  java.awt.EventDispatchThread.pumpEventsForFilter(ILjava/awt/Conditional;Ljava/awt/EventFilter;)V+30
j  java.awt.EventDispatchThread.pumpEventsForHierarchy(ILjava/awt/Conditional;Ljava/awt/Component;)V+11
j  java.awt.EventDispatchThread.pumpEvents(ILjava/awt/Conditional;)V+4
j  java.awt.EventDispatchThread.pumpEvents(Ljava/awt/Conditional;)V+3
j  java.awt.EventDispatchThread.run()V+9
v  ~StubRoutines::call_stub
V  [libjvm.so+0x2c5ecd]
V  [libjvm.so+0x4523b8]
V  [libjvm.so+0x2c57e0]
V  [libjvm.so+0x2c586d]
V  [libjvm.so+0x335aa5]
V  [libjvm.so+0x5038c0]
V  [libjvm.so+0x4532a9]
C  [libpthread.so.0+0x546b]


---------------  P R O C E S S  ---------------

Java Threads: ( => current thread )
  0x7238c800 JavaThread "DestroyJavaVM" [_thread_blocked, id=17417]
  0x0843b400 JavaThread "Thread-1" [_thread_blocked, id=17434]
=>0x0845cc00 JavaThread "AWT-EventQueue-0" [_thread_in_Java, id=17433]
  0x0845c400 JavaThread "AWT-Shutdown" [_thread_blocked, id=17432]
  0x0825b800 JavaThread "AWT-XAWT" daemon [_thread_blocked, id=17431]
  0x08185400 JavaThread "Java2D Disposer" daemon [_thread_blocked, id=17430]
  0x08158000 JavaThread "Low Memory Detector" daemon [_thread_blocked, id=17428]
  0x08156400 JavaThread "CompilerThread1" daemon [_thread_blocked, id=17427]
  0x08155000 JavaThread "CompilerThread0" daemon [_thread_blocked, id=17426]
  0x08153c00 JavaThread "Signal Dispatcher" daemon [_thread_blocked, id=17425]
  0x08140000 JavaThread "Finalizer" daemon [_thread_blocked, id=17424]
  0x0813f400 JavaThread "Reference Handler" daemon [_thread_blocked, id=17423]

Other Threads:
  0x0813cc00 VMThread [id=17422]
  0x08159800 WatcherThread [id=17429]

VM state:not at safepoint (normal execution)

VM Mutex/Monitor currently owned by a thread: None

Heap
 PSYoungGen      total 43648K, used 36983K [0xade70000, 0xb2340000, 0xb4bc0000)
  eden space 42432K, 87% used [0xade70000,0xb028dc78,0xb07e0000)
  from space 1216K, 0% used [0xb07e0000,0xb07e0000,0xb0910000)
  to   space 1280K, 0% used [0xb2200000,0xb2200000,0xb2340000)
 PSOldGen        total 56000K, used 931K [0x773c0000, 0x7aa70000, 0xade70000)
  object space 56000K, 1% used [0x773c0000,0x774a8da0,0x7aa70000)
 PSPermGen       total 16384K, used 8921K [0x733c0000, 0x743c0000, 0x773c0000)
  object space 16384K, 54% used [0x733c0000,0x73c76568,0x743c0000)

Dynamic libraries:
06000000-065a0000 r-xp 00000000 08:01 9342102    /usr/lib/jvm/java-6-sun-1.6.0.03/jre/lib/i386/server/libjvm.so
065a0000-065db000 rwxp 005a0000 08:01 9342102    /usr/lib/jvm/java-6-sun-1.6.0.03/jre/lib/i386/server/libjvm.so
065db000-069fc000 rwxp 065db000 00:00 0 
08048000-08052000 r-xp 00000000 08:01 9325224    /usr/lib/jvm/java-6-sun-1.6.0.03/jre/bin/java
08052000-08053000 rwxp 00009000 08:01 9325224    /usr/lib/jvm/java-6-sun-1.6.0.03/jre/bin/java
08053000-084fe000 rwxp 08053000 00:00 0          [heap]
71fe5000-71fe8000 rwxp 71fe5000 00:00 0 
71fe8000-72036000 rwxp 71fe8000 00:00 0 
72036000-72039000 ---p 72036000 00:00 0 
72039000-72087000 rwxp 72039000 00:00 0 
72087000-7208a000 ---p 72087000 00:00 0 
7208a000-720d8000 rwxp 7208a000 00:00 0 
720d8000-720db000 ---p 720d8000 00:00 0 
720db000-72129000 rwxp 720db000 00:00 0 
72129000-7217d000 r-xp 00000000 08:01 9342129    /usr/lib/jvm/java-6-sun-1.6.0.03/jre/lib/i386/libcmm.so
7217d000-72180000 rwxp 00054000 08:01 9342129    /usr/lib/jvm/java-6-sun-1.6.0.03/jre/lib/i386/libcmm.so
72180000-7225b000 r-xp 00000000 08:01 10077682   /usr/local/jogl/jogl-1.1.0-linux-i586/lib/libjogl.so
7225b000-7225c000 rwxp 000da000 08:01 10077682   /usr/local/jogl/jogl-1.1.0-linux-i586/lib/libjogl.so
7225c000-722ba000 r-xp 00000000 08:01 9047889    /usr/lib/libGL.so.1.2
722ba000-722bc000 rwxp 0005d000 08:01 9047889    /usr/lib/libGL.so.1.2
722bc000-722bd000 rwxp 722bc000 00:00 0 
722bd000-722c3000 r-xs 00000000 08:01 13486672   /var/cache/fontconfig/945677eb7aeaf62f1d50efc3fb3ec7d8-x86.cache-2
722c3000-722c6000 r-xs 00000000 08:01 13486670   /var/cache/fontconfig/e383d7ea5fbe662a33d9b44caf393297-x86.cache-2
722c6000-722ca000 r-xs 00000000 08:01 13486669   /var/cache/fontconfig/921a30a17f0be15c70ac14043cb7a739-x86.cache-2
722ca000-722cb000 r-xs 00000000 08:01 13486668   /var/cache/fontconfig/c69f04ab05004e31a6d5e715764f16d8-x86.cache-2
722cb000-722cc000 r-xs 00000000 08:01 13486667   /var/cache/fontconfig/4c73fe0c47614734b17d736dbde7580a-x86.cache-2
722cc000-722cf000 r-xs 00000000 08:01 13486666   /var/cache/fontconfig/a755afe4a08bf5b97852ceb7400b47bc-x86.cache-2
722cf000-722d0000 r-xs 00000000 08:01 13486665   /var/cache/fontconfig/75a2cd575a62c63e802c11411fb87c37-x86.cache-2
722d0000-722d3000 r-xs 00000000 08:01 13486664   /var/cache/fontconfig/6d41288fd70b0be22e8c3a91e032eec0-x86.cache-2
722d3000-722d5000 r-xs 00000000 08:01 13486663   /var/cache/fontconfig/de156ccd2eddbdc19d37a45b8b2aac9c-x86.cache-2
722d5000-722dd000 r-xs 00000000 08:01 13486662   /var/cache/fontconfig/e3de0de479f42330eadf588a55fb5bf4-x86.cache-2
722dd000-722e3000 r-xs 00000000 08:01 13486661   /var/cache/fontconfig/0f34bcd4b6ee430af32735b75db7f02b-x86.cache-2
722e3000-722e4000 r-xs 00000000 08:01 13486660   /var/cache/fontconfig/4794a0821666d79190d59a36cb4f44b5-x86.cache-2
722e4000-722e6000 r-xs 00000000 08:01 13486659   /var/cache/fontconfig/de9486f0b47a4d768a594cb4198cb1c6-x86.cache-2
722e6000-722ec000 r-xs 00000000 08:01 13486658   /var/cache/fontconfig/d52a8644073d54c13679302ca1180695-x86.cache-2
722ec000-722f0000 r-xs 00000000 08:01 13486657   /var/cache/fontconfig/089dead882dea3570ffc31a9898cfb69-x86.cache-2
722f0000-722f2000 r-xs 00000000 08:01 13486648   /var/cache/fontconfig/e13b20fdb08344e0e664864cc2ede53d-x86.cache-2
722f2000-722f3000 r-xs 00000000 08:01 13486696   /var/cache/fontconfig/fcff1cd55d48a2c86a175e9943c3506d-x86.cache-2
722f3000-722f4000 r-xs 00000000 08:01 13486695   /var/cache/fontconfig/e9e44584608a73233979f764b5f9dd81-x86.cache-2
722f4000-722f5000 r-xs 00000000 08:01 13486694   /var/cache/fontconfig/b8613a33de00eecd32d5a94c3c617829-x86.cache-2
722f5000-722f8000 r-xs 00000000 08:01 13486693   /var/cache/fontconfig/b21a91cee725896328b8cee8091cf747-x86.cache-2
722f8000-722fb000 r-xs 00000000 08:01 13486692   /var/cache/fontconfig/fd9416c4b92f07c6f59a3a8cf496e9dc-x86.cache-2
722fb000-72300000 r-xs 00000000 08:01 13486687   /var/cache/fontconfig/8ab5f685cd6d8ba67c37c908faf08172-x86.cache-2
72300000-723e9000 rwxp 72300000 00:00 0 
723e9000-72400000 ---p 723e9000 00:00 0 
72401000-72403000 r-xs 00000000 08:01 13486691   /var/cache/fontconfig/059138ec877db160474b4d5de1248d14-x86.cache-2
72403000-72404000 r-xs 00000000 08:01 13486690   /var/cache/fontconfig/f5a93ac943883aa0fd9a7bfe0f6ec3c1-x86.cache-2
72404000-72409000 r-xs 00000000 08:01 13486686   /var/cache/fontconfig/0f32d3adc6a232110812e17374eaa446-x86.cache-2
72409000-7240b000 r-xs 00000000 08:01 13486685   /var/cache/fontconfig/7b4a97c10f6c0166998ddfa1cf7392fb-x86.cache-2
7240b000-7240e000 r-xs 00000000 08:01 13486684   /var/cache/fontconfig/61c830dfac3fd78a12654da5e9ba3f56-x86.cache-2
7240e000-72411000 r-xs 00000000 08:01 13486681   /var/cache/fontconfig/142ecfc435bad6f1fbc2648c1119d5eb-x86.cache-2
72411000-72417000 r-xs 00000000 08:01 13486680   /var/cache/fontconfig/102e5142c2e9e50c5e8ece26694a2dad-x86.cache-2
72417000-7241b000 r-xs 00000000 08:01 13486678   /var/cache/fontconfig/a960c40fc9306f090224a04585f8a963-x86.cache-2
7244e000-72461000 r-xp 00000000 08:01 9342114    /usr/lib/jvm/java-6-sun-1.6.0.03/jre/lib/i386/libnet.so
72461000-72462000 rwxp 00013000 08:01 9342114    /usr/lib/jvm/java-6-sun-1.6.0.03/jre/lib/i386/libnet.so
72462000-7246b000 r-xp 00000000 08:01 9047784    /usr/lib/libdrm.so.2.3.0
7246b000-7246c000 rwxp 00008000 08:01 9047784    /usr/lib/libdrm.so.2.3.0
72475000-72477000 r-xp 00000000 08:01 10077683   /usr/local/jogl/jogl-1.1.0-linux-i586/lib/libjogl_awt.so
72477000-72478000 rwxp 00001000 08:01 10077683   /usr/local/jogl/jogl-1.1.0-linux-i586/lib/libjogl_awt.so
72478000-7247b000 ---p 72478000 00:00 0 
7247b000-724c9000 rwxp 7247b000 00:00 0 
724c9000-724cd000 r-xp 00000000 08:01 9047717    /usr/lib/libXfixes.so.3.1.0
724cd000-724ce000 rwxp 00003000 08:01 9047717    /usr/lib/libXfixes.so.3.1.0
724ce000-724d5000 r-xp 00000000 08:01 9047774    /usr/lib/libXrender.so.1.3.0
724d5000-724d6000 rwxp 00006000 08:01 9047774    /usr/lib/libXrender.so.1.3.0
724d6000-724de000 r-xp 00000000 08:01 9047955    /usr/lib/libXcursor.so.1.0.2
724de000-724df000 rwxp 00007000 08:01 9047955    /usr/lib/libXcursor.so.1.0.2
724df000-724e0000 r-xp 00000000 08:01 9342133    /usr/lib/jvm/java-6-sun-1.6.0.03/jre/lib/i386/libjawt.so
724e0000-724e1000 rwxp 00000000 08:01 9342133    /usr/lib/jvm/java-6-sun-1.6.0.03/jre/lib/i386/libjawt.so
724e1000-724e3000 r-xp 00000000 08:01 9047887    /usr/lib/libXdamage.so.1.1.0
724e3000-724e4000 rwxp 00001000 08:01 9047887    /usr/lib/libXdamage.so.1.1.0
724e4000-724e8000 r-xp 00000000 08:01 9047835    /usr/lib/libXxf86vm.so.1.0.0
724e8000-724e9000 rwxp 00003000 08:01 9047835    /usr/lib/libXxf86vm.so.1.0.0
724e9000-724ea000 r-xp 00000000 08:01 10077681   /usr/local/jogl/jogl-1.1.0-linux-i586/lib/libgluegen-rt.so
724ea000-724eb000 rwxp 00000000 08:01 10077681   /usr/local/jogl/jogl-1.1.0-linux-i586/lib/libgluegen-rt.so
724eb000-724ee000 ---p 724eb000 00:00 0 
724ee000-7253c000 rwxp 724ee000 00:00 0 
7253c000-725ba000 r-xp 00000000 08:01 9342127    /usr/lib/jvm/java-6-sun-1.6.0.03/jre/lib/i386/libfontmanager.so
725ba000-725c4000 rwxp 0007e000 08:01 9342127    /usr/lib/jvm/java-6-sun-1.6.0.03/jre/lib/i386/libfontmanager.so
725c4000-725c9000 rwxp 725c4000 00:00 0 
725c9000-725cd000 r-xp 00000000 08:01 9047709    /usr/lib/libXdmcp.so.6.0.0
725cd000-725ce000 rwxp 00003000 08:01 9047709    /usr/lib/libXdmcp.so.6.0.0
725ce000-725d5000 r-xp 00000000 08:01 9047813    /usr/lib/libXi.so.6.0.0
725d5000-725d6000 rwxp 00006000 08:01 9047813    /usr/lib/libXi.so.6.0.0
725d6000-725da000 r-xp 00000000 08:01 9047829    /usr/lib/libXtst.so.6.1.0
725da000-725db000 rwxp 00004000 08:01 9047829    /usr/lib/libXtst.so.6.1.0
725db000-726c8000 r-xp 00000000 08:01 9047711    /usr/lib/libX11.so.6.2.0
726c8000-726cc000 rwxp 000ed000 08:01 9047711    /usr/lib/libX11.so.6.2.0
726cc000-726d9000 r-xp 00000000 08:01 9047713    /usr/lib/libXext.so.6.4.0
726d9000-726da000 rwxp 0000d000 08:01 9047713    /usr/lib/libXext.so.6.4.0
726da000-726db000 r-xs 00000000 08:01 13486689   /var/cache/fontconfig/118d8d5311348bbdf5fe3b106d7c13d4-x86.cache-2
726db000-726dc000 r-xs 00000000 08:01 13486688   /var/cache/fontconfig/a1131b7be650f9abae4907495aa5815d-x86.cache-2
726dc000-726dd000 r-xs 00000000 08:01 13486683   /var/cache/fontconfig/e0f9e95429e756d56293ed4d63866094-x86.cache-2
726dd000-726df000 r-xs 00000000 08:01 13486677   /var/cache/fontconfig/9404ff413c67fc2a1526fd14eb4163a8-x86.cache-2
726df000-726e3000 r-xs 00000000 08:01 13486676   /var/cache/fontconfig/b3fedf7c409f006ca1a6fceffceb77cf-x86.cache-2
726e3000-726e6000 r-xs 00000000 08:01 13486675   /var/cache/fontconfig/6330322105e0c4105d7c7a6ea2974107-x86.cache-2
726e6000-72724000 r-xp 00000000 08:01 9520731    /usr/lib/jvm/java-6-sun-1.6.0.03/jre/lib/i386/xawt/libmawt.so
72724000-72726000 rwxp 0003e000 08:01 9520731    /usr/lib/jvm/java-6-sun-1.6.0.03/jre/lib/i386/xawt/libmawt.so
72726000-72727000 rwxp 72726000 00:00 0 
72727000-727ed000 r-xp 00000000 08:01 9342124    /usr/lib/jvm/java-6-sun-1.6.0.03/jre/lib/i386/libmlib_image.so
727ed000-727ee000 rwxp 000c5000 08:01 9342124    /usr/lib/jvm/java-6-sun-1.6.0.03/jre/lib/i386/libmlib_image.so
727ee000-72869000 r-xp 00000000 08:01 9342125    /usr/lib/jvm/java-6-sun-1.6.0.03/jre/lib/i386/libawt.so
72869000-72870000 rwxp 0007b000 08:01 9342125    /usr/lib/jvm/java-6-sun-1.6.0.03/jre/lib/i386/libawt.so
72870000-72894000 rwxp 72870000 00:00 0 
72894000-7289f000 r-xs 000fa000 08:01 10077680   /usr/local/jogl/jogl-1.1.0-linux-i586/lib/jogl.jar
7289f000-728a0000 ---p 7289f000 00:00 0 
728a0000-72920000 rwxp 728a0000 00:00 0 
72920000-72923000 ---p 72920000 00:00 0 
72923000-72971000 rwxp 72923000 00:00 0 
72971000-72974000 ---p 72971000 00:00 0 
72974000-729f2000 rwxp 72974000 00:00 0 
729f2000-729f5000 ---p 729f2000 00:00 0 
729f5000-72a73000 rwxp 729f5000 00:00 0 
72a73000-72a76000 ---p 72a73000 00:00 0 
72a76000-72ac4000 rwxp 72a76000 00:00 0 
72ac4000-72acb000 r-xs 00000000 08:01 9046066    /usr/lib/gconv/gconv-modules.cache
72acb000-72b0a000 r-xp 00000000 08:01 9093122    /usr/lib/locale/en_US.utf8/LC_CTYPE
72b0a000-72b0d000 ---p 72b0a000 00:00 0 
72b0d000-72b5b000 rwxp 72b0d000 00:00 0 
72b5b000-72b5e000 ---p 72b5b000 00:00 0 
72b5e000-72bac000 rwxp 72b5e000 00:00 0 
72bac000-72bad000 ---p 72bac000 00:00 0 
72bad000-72c5d000 rwxp 72bad000 00:00 0 
72c5d000-72dd9000 r-xs 02c8f000 08:01 9342167    /usr/lib/jvm/java-6-sun-1.6.0.03/jre/lib/rt.jar
72dd9000-72dda000 ---p 72dd9000 00:00 0 
72dda000-72e5a000 rwxp 72dda000 00:00 0 
72e5a000-72e5b000 ---p 72e5a000 00:00 0 
72e5b000-72edb000 rwxp 72e5b000 00:00 0 
72edb000-72edc000 ---p 72edb000 00:00 0 
72edc000-72f5c000 rwxp 72edc000 00:00 0 
72f5c000-72f5d000 ---p 72f5c000 00:00 0 
72f5d000-72fe5000 rwxp 72f5d000 00:00 0 
72fe5000-72ffd000 rwxp 72fe5000 00:00 0 
72ffd000-73019000 rwxp 72ffd000 00:00 0 
73019000-731b3000 rwxp 73019000 00:00 0 
731b3000-731bb000 rwxp 731b3000 00:00 0 
731bb000-731d3000 rwxp 731bb000 00:00 0 
731d3000-731ef000 rwxp 731d3000 00:00 0 
731ef000-73388000 rwxp 731ef000 00:00 0 
73388000-733ab000 rwxp 73388000 00:00 0 
733ab000-733bf000 rwxp 733ab000 00:00 0 
733bf000-743c0000 rwxp 733bf000 00:00 0 
743c0000-773c0000 rwxp 743c0000 00:00 0 
773c0000-7aa70000 rwxp 773c0000 00:00 0 
7aa70000-ade70000 rwxp 7aa70000 00:00 0 
ade70000-b2340000 rwxp ade70000 00:00 0 
b2340000-b4bc0000 rwxp b2340000 00:00 0 
b4bc0000-b4bc9000 rwxp b4bc0000 00:00 0 
b4bc9000-b4c80000 rwxp b4bc9000 00:00 0 
b4c80000-b4ec0000 rwxp b4c80000 00:00 0 
b4ec0000-b7c80000 rwxp b4ec0000 00:00 0 
b7c80000-b7c8f000 r-xp 00000000 08:01 9342110    /usr/lib/jvm/java-6-sun-1.6.0.03/jre/lib/i386/libzip.so
b7c8f000-b7c91000 rwxp 0000e000 08:01 9342110    /usr/lib/jvm/java-6-sun-1.6.0.03/jre/lib/i386/libzip.so
b7c91000-b7cb4000 r-xp 00000000 08:01 9342109    /usr/lib/jvm/java-6-sun-1.6.0.03/jre/lib/i386/libjava.so
b7cb4000-b7cb6000 rwxp 00023000 08:01 9342109    /usr/lib/jvm/java-6-sun-1.6.0.03/jre/lib/i386/libjava.so
b7cb6000-b7cc1000 r-xp 00000000 08:01 9342108    /usr/lib/jvm/java-6-sun-1.6.0.03/jre/lib/i386/libverify.so
b7cc1000-b7cc2000 rwxp 0000b000 08:01 9342108    /usr/lib/jvm/java-6-sun-1.6.0.03/jre/lib/i386/libverify.so
b7cc2000-b7ccb000 r-xp 00000000 08:01 4341921    /lib/tls/i686/cmov/libnss_files-2.6.1.so
b7ccb000-b7ccd000 rwxp 00008000 08:01 4341921    /lib/tls/i686/cmov/libnss_files-2.6.1.so
b7ccd000-b7cd5000 r-xp 00000000 08:01 4341923    /lib/tls/i686/cmov/libnss_nis-2.6.1.so
b7cd5000-b7cd7000 rwxp 00007000 08:01 4341923    /lib/tls/i686/cmov/libnss_nis-2.6.1.so
b7cd7000-b7cde000 r-xp 00000000 08:01 4341918    /lib/tls/i686/cmov/libnss_compat-2.6.1.so
b7cde000-b7ce0000 rwxp 00006000 08:01 4341918    /lib/tls/i686/cmov/libnss_compat-2.6.1.so
b7ce0000-b7cf4000 r-xp 00000000 08:01 4341917    /lib/tls/i686/cmov/libnsl-2.6.1.so
b7cf4000-b7cf6000 rwxp 00013000 08:01 4341917    /lib/tls/i686/cmov/libnsl-2.6.1.so
b7cf6000-b7cf8000 rwxp b7cf6000 00:00 0 
b7cf8000-b7cf9000 r-xs 00000000 08:01 13486682   /var/cache/fontconfig/4123634e9c08547d899d0aaff05ebe69-x86.cache-2
b7cf9000-b7cfb000 r-xp 00000000 08:01 9047707    /usr/lib/libXau.so.6.0.0
b7cfb000-b7cfc000 rwxp 00001000 08:01 9047707    /usr/lib/libXau.so.6.0.0
b7cfc000-b7d04000 rwxs 00000000 08:01 6635584    /tmp/hsperfdata_ara/17412
b7d04000-b7d0b000 r-xp 00000000 08:01 4341928    /lib/tls/i686/cmov/librt-2.6.1.so
b7d0b000-b7d0d000 rwxp 00006000 08:01 4341928    /lib/tls/i686/cmov/librt-2.6.1.so
b7d0d000-b7d10000 ---p b7d0d000 00:00 0 
b7d10000-b7d5e000 rwxp b7d10000 00:00 0 
b7d5e000-b7d81000 r-xp 00000000 08:01 4341914    /lib/tls/i686/cmov/libm-2.6.1.so
b7d81000-b7d83000 rwxp 00023000 08:01 4341914    /lib/tls/i686/cmov/libm-2.6.1.so
b7d83000-b7d84000 rwxp b7d83000 00:00 0 
b7d84000-b7ec8000 r-xp 00000000 08:01 4341910    /lib/tls/i686/cmov/libc-2.6.1.so
b7ec8000-b7ec9000 r-xp 00143000 08:01 4341910    /lib/tls/i686/cmov/libc-2.6.1.so
b7ec9000-b7ecb000 rwxp 00144000 08:01 4341910    /lib/tls/i686/cmov/libc-2.6.1.so
b7ecb000-b7ece000 rwxp b7ecb000 00:00 0 
b7ece000-b7ed0000 r-xp 00000000 08:01 4341913    /lib/tls/i686/cmov/libdl-2.6.1.so
b7ed0000-b7ed2000 rwxp 00001000 08:01 4341913    /lib/tls/i686/cmov/libdl-2.6.1.so
b7ed2000-b7ed9000 r-xp 00000000 08:01 9520729    /usr/lib/jvm/java-6-sun-1.6.0.03/jre/lib/i386/jli/libjli.so
b7ed9000-b7edb000 rwxp 00006000 08:01 9520729    /usr/lib/jvm/java-6-sun-1.6.0.03/jre/lib/i386/jli/libjli.so
b7edb000-b7edc000 rwxp b7edb000 00:00 0 
b7edc000-b7ef0000 r-xp 00000000 08:01 4341926    /lib/tls/i686/cmov/libpthread-2.6.1.so
b7ef0000-b7ef2000 rwxp 00013000 08:01 4341926    /lib/tls/i686/cmov/libpthread-2.6.1.so
b7ef2000-b7ef4000 rwxp b7ef2000 00:00 0 
b7ef4000-b7ef5000 r-xs 00000000 08:01 13486679   /var/cache/fontconfig/92a571655fb1c0ec1c4d6f496220600a-x86.cache-2
b7ef5000-b7ef7000 r-xs 00003000 08:01 10077679   /usr/local/jogl/jogl-1.1.0-linux-i586/lib/gluegen-rt.jar
b7ef7000-b7efd000 r-xp 00000000 08:01 9342100    /usr/lib/jvm/java-6-sun-1.6.0.03/jre/lib/i386/native_threads/libhpi.so
b7efd000-b7efe000 rwxp 00006000 08:01 9342100    /usr/lib/jvm/java-6-sun-1.6.0.03/jre/lib/i386/native_threads/libhpi.so
b7efe000-b7eff000 rwxp b7efe000 00:00 0 
b7eff000-b7f00000 r-xp b7eff000 00:00 0 
b7f00000-b7f02000 rwxp b7f00000 00:00 0 
b7f02000-b7f1c000 r-xp 00000000 08:01 4341775    /lib/ld-2.6.1.so
b7f1c000-b7f1e000 rwxp 00019000 08:01 4341775    /lib/ld-2.6.1.so
bf972000-bf987000 rwxp bf972000 00:00 0          [stack]
ffffe000-fffff000 r-xp 00000000 00:00 0          [vdso]

VM Arguments:
java_command: javaviewer.Viewer
Launcher Type: SUN_STANDARD

Environment Variables:
JAVA_HOME=/usr/lib/jvm/java-6-sun
PATH=/usr/local/sbin:/usr/local/bin:/usr/sbin:/usr/bin:/sbin:/bin:/usr/games
LD_LIBRARY_PATH=/usr/lib/jvm/java-6-sun-1.6.0.03/jre/lib/i386/server:/usr/lib/jvm/java-6-sun-1.6.0.03/jre/lib/i386:/usr/lib/jvm/java-6-sun-1.6.0.03/jre/../lib/i386:/usr/lib/firefox:/usr/local/jogl/jogl-1.1.0-linux-i586/lib/:/usr/lib/firefox
SHELL=/bin/bash
DISPLAY=localhost:11.0

Signal Handlers:
SIGSEGV: [libjvm.so+0x53c560], sa_mask[0]=0x7ffbfeff, sa_flags=0x10000004
SIGBUS: [libjvm.so+0x53c560], sa_mask[0]=0x7ffbfeff, sa_flags=0x10000004
SIGFPE: [libjvm.so+0x451a50], sa_mask[0]=0x7ffbfeff, sa_flags=0x10000004
SIGPIPE: [libjvm.so+0x451a50], sa_mask[0]=0x7ffbfeff, sa_flags=0x10000004
SIGILL: [libjvm.so+0x451a50], sa_mask[0]=0x7ffbfeff, sa_flags=0x10000004
SIGUSR1: SIG_DFL, sa_mask[0]=0x00000000, sa_flags=0x00000000
SIGUSR2: [libjvm.so+0x453a80], sa_mask[0]=0x00000004, sa_flags=0x10000004
SIGHUP: [libjvm.so+0x4534a0], sa_mask[0]=0x7ffbfeff, sa_flags=0x10000004
SIGINT: [libjvm.so+0x4534a0], sa_mask[0]=0x7ffbfeff, sa_flags=0x10000004
SIGQUIT: [libjvm.so+0x4534a0], sa_mask[0]=0x7ffbfeff, sa_flags=0x10000004
SIGTERM: [libjvm.so+0x4534a0], sa_mask[0]=0x7ffbfeff, sa_flags=0x10000004
SIGUSR2: [libjvm.so+0x453a80], sa_mask[0]=0x00000004, sa_flags=0x10000004


---------------  S Y S T E M  ---------------

OS:lenny/sid

uname:Linux 2.6.22-14-generic #1 SMP Sun Oct 14 23:05:12 GMT 2007 i686
libc:glibc 2.6.1 NPTL 2.6.1 
rlimit: STACK 8192k, CORE 0k, NPROC 31743, NOFILE 1024, AS infinity
load average:0.06 0.10 0.09

CPU:total 4 (1 cores per cpu, 2 threads per core) family 15 model 2 stepping 5, cmov, cx8, fxsr, mmx, sse, sse2, ht

Memory: 4k page, physical 4026496k(233032k free), swap 5863684k(5829008k free)

vm_info: Java HotSpot(TM) Server VM (1.6.0_03-b05) for linux-x86, built on Sep 24 2007 22:32:39 by "java_re" with gcc 3.2.1-7a (J2SE release)

